2022-06-08 20:42:33.243 [info] <0.44.0> Application lager started on node nonode@nohost
2022-06-08 20:42:33.247 [info] <0.44.0> Application xmerl started on node nonode@nohost
2022-06-08 20:42:33.253 [info] <0.44.0> Application sasl started on node nonode@nohost
2022-06-08 20:42:33.253 [info] <0.44.0> Application tools started on node nonode@nohost
2022-06-08 20:42:33.253 [info] <0.44.0> Application jsx started on node nonode@nohost
2022-06-08 20:42:33.253 [info] <0.44.0> Application recon started on node nonode@nohost
2022-06-08 20:42:33.297 [info] <0.44.0> Application credentials_obfuscation started on node nonode@nohost
2022-06-08 20:42:33.297 [info] <0.44.0> Application rabbit_common started on node nonode@nohost
2022-06-08 20:42:33.305 [info] <0.44.0> Application amqp_client started on node nonode@nohost
2022-06-08 20:42:33.307 [info] <0.44.0> Application amqp started on node nonode@nohost
2022-06-08 20:42:33.308 [info] <0.44.0> Application casino started on node nonode@nohost
2022-06-08 20:48:21.860 [info] <0.44.0> Application lager started on node nonode@nohost
2022-06-08 20:48:21.862 [info] <0.44.0> Application xmerl started on node nonode@nohost
2022-06-08 20:48:21.867 [info] <0.44.0> Application sasl started on node nonode@nohost
2022-06-08 20:48:21.867 [info] <0.44.0> Application tools started on node nonode@nohost
2022-06-08 20:48:21.867 [info] <0.44.0> Application jsx started on node nonode@nohost
2022-06-08 20:48:21.867 [info] <0.44.0> Application recon started on node nonode@nohost
2022-06-08 20:48:21.913 [info] <0.44.0> Application credentials_obfuscation started on node nonode@nohost
2022-06-08 20:48:21.913 [info] <0.44.0> Application rabbit_common started on node nonode@nohost
2022-06-08 20:48:21.921 [info] <0.44.0> Application amqp_client started on node nonode@nohost
2022-06-08 20:48:21.924 [info] <0.44.0> Application amqp started on node nonode@nohost
2022-06-08 20:48:21.930 [info] <0.44.0> Application casino started on node nonode@nohost
2022-06-08 20:50:50.048 [info] <0.44.0> Application lager started on node nonode@nohost
2022-06-08 20:50:50.051 [info] <0.44.0> Application xmerl started on node nonode@nohost
2022-06-08 20:50:50.056 [info] <0.44.0> Application sasl started on node nonode@nohost
2022-06-08 20:50:50.056 [info] <0.44.0> Application tools started on node nonode@nohost
2022-06-08 20:50:50.056 [info] <0.44.0> Application jsx started on node nonode@nohost
2022-06-08 20:50:50.056 [info] <0.44.0> Application recon started on node nonode@nohost
2022-06-08 20:50:50.102 [info] <0.44.0> Application credentials_obfuscation started on node nonode@nohost
2022-06-08 20:50:50.102 [info] <0.44.0> Application rabbit_common started on node nonode@nohost
2022-06-08 20:50:50.111 [info] <0.44.0> Application amqp_client started on node nonode@nohost
2022-06-08 20:50:50.113 [info] <0.44.0> Application amqp started on node nonode@nohost
2022-06-08 20:50:50.118 [info] <0.44.0> Application casino started on node nonode@nohost
2022-06-08 21:02:30.402 [info] <0.44.0> Application lager started on node nonode@nohost
2022-06-08 21:02:30.405 [info] <0.44.0> Application xmerl started on node nonode@nohost
2022-06-08 21:02:30.409 [info] <0.44.0> Application sasl started on node nonode@nohost
2022-06-08 21:02:30.410 [info] <0.44.0> Application tools started on node nonode@nohost
2022-06-08 21:02:30.410 [info] <0.44.0> Application jsx started on node nonode@nohost
2022-06-08 21:02:30.410 [info] <0.44.0> Application recon started on node nonode@nohost
2022-06-08 21:02:30.458 [info] <0.44.0> Application credentials_obfuscation started on node nonode@nohost
2022-06-08 21:02:30.458 [info] <0.44.0> Application rabbit_common started on node nonode@nohost
2022-06-08 21:02:30.467 [info] <0.44.0> Application amqp_client started on node nonode@nohost
2022-06-08 21:02:30.470 [info] <0.44.0> Application amqp started on node nonode@nohost
2022-06-08 21:02:30.477 [info] <0.44.0> Application casino started on node nonode@nohost
2022-06-08 21:03:18.836 [info] <0.44.0> Application lager started on node nonode@nohost
2022-06-08 21:03:18.839 [info] <0.44.0> Application xmerl started on node nonode@nohost
2022-06-08 21:03:18.844 [info] <0.44.0> Application sasl started on node nonode@nohost
2022-06-08 21:03:18.844 [info] <0.44.0> Application tools started on node nonode@nohost
2022-06-08 21:03:18.844 [info] <0.44.0> Application jsx started on node nonode@nohost
2022-06-08 21:03:18.844 [info] <0.44.0> Application recon started on node nonode@nohost
2022-06-08 21:03:18.890 [info] <0.44.0> Application credentials_obfuscation started on node nonode@nohost
2022-06-08 21:03:18.890 [info] <0.44.0> Application rabbit_common started on node nonode@nohost
2022-06-08 21:03:18.898 [info] <0.44.0> Application amqp_client started on node nonode@nohost
2022-06-08 21:03:18.901 [info] <0.44.0> Application amqp started on node nonode@nohost
2022-06-08 21:03:18.906 [info] <0.44.0> Application casino started on node nonode@nohost
2022-06-08 21:04:29.496 [info] <0.60.0> SIGTERM received - shutting down
2022-06-08 21:19:32.985 [info] <0.44.0> Application lager started on node nonode@nohost
2022-06-08 21:19:32.988 [info] <0.44.0> Application xmerl started on node nonode@nohost
2022-06-08 21:19:32.993 [info] <0.44.0> Application sasl started on node nonode@nohost
2022-06-08 21:19:32.994 [info] <0.44.0> Application tools started on node nonode@nohost
2022-06-08 21:19:32.994 [info] <0.44.0> Application jsx started on node nonode@nohost
2022-06-08 21:19:32.994 [info] <0.44.0> Application recon started on node nonode@nohost
2022-06-08 21:19:33.041 [info] <0.44.0> Application credentials_obfuscation started on node nonode@nohost
2022-06-08 21:19:33.041 [info] <0.44.0> Application rabbit_common started on node nonode@nohost
2022-06-08 21:19:33.049 [info] <0.44.0> Application amqp_client started on node nonode@nohost
2022-06-08 21:19:33.051 [info] <0.44.0> Application amqp started on node nonode@nohost
2022-06-08 21:19:33.051 [info] <0.44.0> Application casino started on node nonode@nohost
